#-----------------------------------------------------------
# Vivado v2019.1 (64-bit)
# SW Build 2552052 on Fri May 24 14:49:42 MDT 2019
# IP Build 2548770 on Fri May 24 18:01:18 MDT 2019
# Start of session at: Tue Nov 19 20:09:15 2019
# Process ID: 9512
# Current directory: C:/Verilog/02_05/range_specification
# Command line: vivado.exe -gui_launcher_event rodinguilauncherevent12028 C:\Verilog\02_05\range_specification\range_specification.xpr
# Log file: C:/Verilog/02_05/range_specification/vivado.log
# Journal file: C:/Verilog/02_05/range_specification\vivado.jou
#-----------------------------------------------------------
start_gui
open_project C:/Verilog/02_05/range_specification/range_specification.xpr
Scanning sources...
Finished scanning sources
INFO: [IP_Flow 19-234] Refreshing IP repositories
INFO: [IP_Flow 19-1704] No user IP repositories specified
INFO: [IP_Flow 19-2313] Loaded Vivado IP repository 'C:/Xilinx/Vivado/2019.1/data/ip'.
open_project: Time (s): cpu = 00:00:20 ; elapsed = 00:00:16 . Memory (MB): peak = 878.086 ; gain = 24.789
exit
INFO: [Common 17-206] Exiting Vivado at Tue Nov 19 20:19:46 2019...
