Vivado Simulator 2019.2
Copyright 1986-1999, 2001-2019 Xilinx, Inc. All Rights Reserved.
Running: D:/Xilinx/Vivado/2019.2/bin/unwrapped/win64.o/xelab.exe -wto 7ef06ba693874e678e5ace4d0e82d84a --incr --debug typical --relax --mt 2 --maxdelay -L xil_defaultlib -L simprims_ver -L secureip --snapshot ripple_carry_adder_4bit_time_synth -transport_int_delays -pulse_r 0 -pulse_int_r 0 -pulse_e 0 -pulse_int_e 0 xil_defaultlib.ripple_carry_adder_4bit xil_defaultlib.glbl -log elaborate.log 
Using 2 slave threads.
Starting static elaboration
Pass Through NonSizing Optimizer
Completed static elaboration
Starting simulation data flow analysis
Completed simulation data flow analysis
INFO: [XSIM 43-3451] SDF backannotation process started with SDF file "ripple_carry_adder_4bit_time_synth.sdf", for root module "ripple_carry_adder_4bit".
INFO: [XSIM 43-3452] SDF backannotation was successful for SDF file "ripple_carry_adder_4bit_time_synth.sdf", for root module "ripple_carry_adder_4bit".
Time Resolution for simulation is 1ps
Compiling module simprims_ver.IBUF
Compiling module simprims_ver.OBUF
Compiling module simprims_ver.x_lut2_mux4
Compiling module simprims_ver.LUT2
Compiling module simprims_ver.LUT4
Compiling module xil_defaultlib.ripple_carry_adder_4bit
Compiling module xil_defaultlib.glbl
Built simulation snapshot ripple_carry_adder_4bit_time_synth
