#-----------------------------------------------------------
# Vivado v2019.1 (64-bit)
# SW Build 2552052 on Fri May 24 14:49:42 MDT 2019
# IP Build 2548770 on Fri May 24 18:01:18 MDT 2019
# Start of session at: Tue Nov 19 19:10:38 2019
# Process ID: 21640
# Current directory: C:/Verilog/02_02/before/instantiating
# Command line: vivado.exe -gui_launcher_event rodinguilauncherevent16688 C:\Verilog\02_02\before\instantiating\instantiating.xpr
# Log file: C:/Verilog/02_02/before/instantiating/vivado.log
# Journal file: C:/Verilog/02_02/before/instantiating\vivado.jou
#-----------------------------------------------------------
start_gui
open_project C:/Verilog/02_02/before/instantiating/instantiating.xpr
INFO: [Project 1-313] Project file moved from 'C:/Verilog/02_02/instantiating' since last save.
Scanning sources...
Finished scanning sources
WARNING: [filemgmt 56-3] IP Repository Path: Could not find the directory 'V:/vivado/Arm_ipi_repository'.
INFO: [IP_Flow 19-234] Refreshing IP repositories
WARNING: [IP_Flow 19-2248] Failed to load user IP repository 'v:/vivado/Arm_ipi_repository'; Can't find the specified path.
If this directory should no longer be in your list of user repositories, go to the IP Settings dialog and remove it.
INFO: [IP_Flow 19-2313] Loaded Vivado IP repository 'C:/Xilinx/Vivado/2019.1/data/ip'.
open_project: Time (s): cpu = 00:00:14 ; elapsed = 00:00:06 . Memory (MB): peak = 671.273 ; gain = 26.473
update_compile_order -fileset sources_1
launch_simulation
INFO: [Vivado 12-5682] Launching behavioral simulation in 'C:/Verilog/02_02/before/instantiating/instantiating.sim/sim_1/behav/xsim'
INFO: [SIM-utils-51] Simulation object is 'sim_1'
INFO: [SIM-utils-54] Inspecting design source files for 'sim_full_adder' in fileset 'sim_1'...
INFO: [USF-XSim-97] Finding global include files...
INFO: [USF-XSim-98] Fetching design files from 'sim_1'...
INFO: [USF-XSim-2] XSim::Compile design
INFO: [USF-XSim-61] Executing 'COMPILE and ANALYZE' step in 'C:/Verilog/02_02/before/instantiating/instantiating.sim/sim_1/behav/xsim'
"xvlog --incr --relax -prj sim_full_adder_vlog.prj"
INFO: [VRFC 10-2263] Analyzing Verilog file "C:/Verilog/02_02/before/instantiating/instantiating.srcs/sources_1/new/full_adder.v" into library xil_defaultlib
INFO: [VRFC 10-311] analyzing module full_adder
INFO: [VRFC 10-2263] Analyzing Verilog file "C:/Verilog/02_02/before/instantiating/instantiating.srcs/sources_1/new/half_adder.v" into library xil_defaultlib
INFO: [VRFC 10-311] analyzing module half_adder
INFO: [VRFC 10-2263] Analyzing Verilog file "C:/Verilog/02_02/before/instantiating/instantiating.srcs/sim_1/new/sim_full_adder.v" into library xil_defaultlib
INFO: [VRFC 10-311] analyzing module sim_full_adder
INFO: [VRFC 10-2263] Analyzing Verilog file "C:/Verilog/02_02/before/instantiating/instantiating.sim/sim_1/behav/xsim/glbl.v" into library xil_defaultlib
INFO: [VRFC 10-311] analyzing module glbl
INFO: [USF-XSim-69] 'compile' step finished in '2' seconds
INFO: [USF-XSim-3] XSim::Elaborate design
INFO: [USF-XSim-61] Executing 'ELABORATE' step in 'C:/Verilog/02_02/before/instantiating/instantiating.sim/sim_1/behav/xsim'
"xelab -wto 608175c6060d4f1290235ef74adb9f93 --incr --debug typical --relax --mt 2 -L xil_defaultlib -L unisims_ver -L unimacro_ver -L secureip --snapshot sim_full_adder_behav xil_defaultlib.sim_full_adder xil_defaultlib.glbl -log elaborate.log"
Vivado Simulator 2019.1
Copyright 1986-1999, 2001-2019 Xilinx, Inc. All Rights Reserved.
Running: C:/Xilinx/Vivado/2019.1/bin/unwrapped/win64.o/xelab.exe -wto 608175c6060d4f1290235ef74adb9f93 --incr --debug typical --relax --mt 2 -L xil_defaultlib -L unisims_ver -L unimacro_ver -L secureip --snapshot sim_full_adder_behav xil_defaultlib.sim_full_adder xil_defaultlib.glbl -log elaborate.log 
Using 2 slave threads.
Starting static elaboration
Completed static elaboration
Starting simulation data flow analysis
Completed simulation data flow analysis
Time Resolution for simulation is 1ps
Compiling module xil_defaultlib.half_adder
Compiling module xil_defaultlib.full_adder
Compiling module xil_defaultlib.sim_full_adder
Compiling module xil_defaultlib.glbl
Built simulation snapshot sim_full_adder_behav

****** Webtalk v2019.1 (64-bit)
  **** SW Build 2552052 on Fri May 24 14:49:42 MDT 2019
  **** IP Build 2548770 on Fri May 24 18:01:18 MDT 2019
    ** Copyright 1986-2019 Xilinx, Inc. All Rights Reserved.

source C:/Verilog/02_02/before/instantiating/instantiating.sim/sim_1/behav/xsim/xsim.dir/sim_full_adder_behav/webtalk/xsim_webtalk.tcl -notrace
INFO: [Common 17-186] 'C:/Verilog/02_02/before/instantiating/instantiating.sim/sim_1/behav/xsim/xsim.dir/sim_full_adder_behav/webtalk/usage_statistics_ext_xsim.xml' has been successfully sent to Xilinx on Tue Nov 19 19:21:20 2019. For additional details about this file, please refer to the WebTalk help file at C:/Xilinx/Vivado/2019.1/doc/webtalk_introduction.html.
INFO: [Common 17-206] Exiting Webtalk at Tue Nov 19 19:21:21 2019...
run_program: Time (s): cpu = 00:00:02 ; elapsed = 00:00:09 . Memory (MB): peak = 747.203 ; gain = 0.000
INFO: [USF-XSim-69] 'elaborate' step finished in '9' seconds
INFO: [USF-XSim-4] XSim::Simulate design
INFO: [USF-XSim-61] Executing 'SIMULATE' step in 'C:/Verilog/02_02/before/instantiating/instantiating.sim/sim_1/behav/xsim'
INFO: [USF-XSim-98] *** Running xsim
   with args "sim_full_adder_behav -key {Behavioral:sim_1:Functional:sim_full_adder} -tclbatch {sim_full_adder.tcl} -view {C:/Verilog/02_02/before/instantiating/sim_full_adder_behav.wcfg} -log {simulate.log}"
INFO: [USF-XSim-8] Loading simulator feature
Vivado Simulator 2019.1
Time resolution is 1 ps
open_wave_config C:/Verilog/02_02/before/instantiating/sim_full_adder_behav.wcfg
source sim_full_adder.tcl
# set curr_wave [current_wave_config]
# if { [string length $curr_wave] == 0 } {
#   if { [llength [get_objects]] > 0} {
#     add_wave /
#     set_property needs_save false [current_wave_config]
#   } else {
#      send_msg_id Add_Wave-1 WARNING "No top level signals found. Simulator will start without a wave window. If you want to open a wave window go to 'File->New Waveform Configuration' or type 'create_wave_config' in the TCL console."
#   }
# }
# run 1000ns
$stop called at time : 40 ns : File "C:/Verilog/02_02/before/instantiating/instantiating.srcs/sim_1/new/sim_full_adder.v" Line 38
xsim: Time (s): cpu = 00:00:10 ; elapsed = 00:00:05 . Memory (MB): peak = 752.191 ; gain = 4.988
INFO: [USF-XSim-96] XSim completed. Design snapshot 'sim_full_adder_behav' loaded.
INFO: [USF-XSim-97] XSim simulation ran for 1000ns
launch_simulation: Time (s): cpu = 00:00:15 ; elapsed = 00:00:19 . Memory (MB): peak = 752.191 ; gain = 4.988
close_sim
INFO: [Simtcl 6-16] Simulation closed
close_sim: Time (s): cpu = 00:00:03 ; elapsed = 00:00:09 . Memory (MB): peak = 760.988 ; gain = 7.285
exit
INFO: [Common 17-206] Exiting Vivado at Tue Nov 19 19:24:52 2019...
