#-----------------------------------------------------------
# Vivado v2019.1 (64-bit)
# SW Build 2552052 on Fri May 24 14:49:42 MDT 2019
# IP Build 2548770 on Fri May 24 18:01:18 MDT 2019
# Start of session at: Thu Nov 21 21:11:45 2019
# Process ID: 9336
# Current directory: C:/Verilog/03_08/display
# Command line: vivado.exe -gui_launcher_event rodinguilauncherevent23584 C:\Verilog\03_08\display\display.xpr
# Log file: C:/Verilog/03_08/display/vivado.log
# Journal file: C:/Verilog/03_08/display\vivado.jou
#-----------------------------------------------------------
start_gui
open_project C:/Verilog/03_08/display/display.xpr
INFO: [Project 1-313] Project file moved from 'C:/Verilog/03_07/display' since last save.
Scanning sources...
Finished scanning sources
WARNING: [filemgmt 56-3] IP Repository Path: Could not find the directory 'V:/vivado/Arm_ipi_repository'.
INFO: [IP_Flow 19-234] Refreshing IP repositories
WARNING: [IP_Flow 19-2248] Failed to load user IP repository 'v:/vivado/Arm_ipi_repository'; Can't find the specified path.
If this directory should no longer be in your list of user repositories, go to the IP Settings dialog and remove it.
INFO: [IP_Flow 19-2313] Loaded Vivado IP repository 'C:/Xilinx/Vivado/2019.1/data/ip'.
open_project: Time (s): cpu = 00:00:15 ; elapsed = 00:00:06 . Memory (MB): peak = 726.020 ; gain = 91.094
launch_simulation
INFO: [Vivado 12-5682] Launching behavioral simulation in 'C:/Verilog/03_08/display/display.sim/sim_1/behav/xsim'
INFO: [SIM-utils-51] Simulation object is 'sim_1'
INFO: [SIM-utils-54] Inspecting design source files for 'sim_display' in fileset 'sim_1'...
INFO: [USF-XSim-97] Finding global include files...
INFO: [USF-XSim-98] Fetching design files from 'sim_1'...
INFO: [USF-XSim-2] XSim::Compile design
INFO: [USF-XSim-61] Executing 'COMPILE and ANALYZE' step in 'C:/Verilog/03_08/display/display.sim/sim_1/behav/xsim'
"xvlog --incr --relax -prj sim_display_vlog.prj"
INFO: [VRFC 10-2263] Analyzing Verilog file "C:/Verilog/03_08/display/display.srcs/sim_1/new/sim_display.v" into library xil_defaultlib
INFO: [VRFC 10-311] analyzing module sim_display
INFO: [VRFC 10-2263] Analyzing Verilog file "C:/Verilog/03_08/display/display.sim/sim_1/behav/xsim/glbl.v" into library xil_defaultlib
INFO: [VRFC 10-311] analyzing module glbl
INFO: [USF-XSim-69] 'compile' step finished in '2' seconds
INFO: [USF-XSim-3] XSim::Elaborate design
INFO: [USF-XSim-61] Executing 'ELABORATE' step in 'C:/Verilog/03_08/display/display.sim/sim_1/behav/xsim'
"xelab -wto 1f5465ed0a00455e874540faae1945ca --incr --debug typical --relax --mt 2 -L xil_defaultlib -L unisims_ver -L unimacro_ver -L secureip --snapshot sim_display_behav xil_defaultlib.sim_display xil_defaultlib.glbl -log elaborate.log"
Vivado Simulator 2019.1
Copyright 1986-1999, 2001-2019 Xilinx, Inc. All Rights Reserved.
Running: C:/Xilinx/Vivado/2019.1/bin/unwrapped/win64.o/xelab.exe -wto 1f5465ed0a00455e874540faae1945ca --incr --debug typical --relax --mt 2 -L xil_defaultlib -L unisims_ver -L unimacro_ver -L secureip --snapshot sim_display_behav xil_defaultlib.sim_display xil_defaultlib.glbl -log elaborate.log 
Using 2 slave threads.
Starting static elaboration
Completed static elaboration
Starting simulation data flow analysis
Completed simulation data flow analysis
Time Resolution for simulation is 1ps
Compiling module xil_defaultlib.sim_display
Compiling module xil_defaultlib.glbl
Built simulation snapshot sim_display_behav

****** Webtalk v2019.1 (64-bit)
  **** SW Build 2552052 on Fri May 24 14:49:42 MDT 2019
  **** IP Build 2548770 on Fri May 24 18:01:18 MDT 2019
    ** Copyright 1986-2019 Xilinx, Inc. All Rights Reserved.

source C:/Verilog/03_08/display/display.sim/sim_1/behav/xsim/xsim.dir/sim_display_behav/webtalk/xsim_webtalk.tcl -notrace
INFO: [Common 17-186] 'C:/Verilog/03_08/display/display.sim/sim_1/behav/xsim/xsim.dir/sim_display_behav/webtalk/usage_statistics_ext_xsim.xml' has been successfully sent to Xilinx on Thu Nov 21 21:19:44 2019. For additional details about this file, please refer to the WebTalk help file at C:/Xilinx/Vivado/2019.1/doc/webtalk_introduction.html.
INFO: [Common 17-206] Exiting Webtalk at Thu Nov 21 21:19:44 2019...
run_program: Time (s): cpu = 00:00:02 ; elapsed = 00:00:07 . Memory (MB): peak = 726.020 ; gain = 0.000
INFO: [USF-XSim-69] 'elaborate' step finished in '7' seconds
INFO: [USF-XSim-4] XSim::Simulate design
INFO: [USF-XSim-61] Executing 'SIMULATE' step in 'C:/Verilog/03_08/display/display.sim/sim_1/behav/xsim'
INFO: [USF-XSim-98] *** Running xsim
   with args "sim_display_behav -key {Behavioral:sim_1:Functional:sim_display} -tclbatch {sim_display.tcl} -log {simulate.log}"
INFO: [USF-XSim-8] Loading simulator feature
Vivado Simulator 2019.1
Time resolution is 1 ps
source sim_display.tcl
# set curr_wave [current_wave_config]
# if { [string length $curr_wave] == 0 } {
#   if { [llength [get_objects]] > 0} {
#     add_wave /
#     set_property needs_save false [current_wave_config]
#   } else {
#      send_msg_id Add_Wave-1 WARNING "No top level signals found. Simulator will start without a wave window. If you want to open a wave window go to 'File->New Waveform Configuration' or type 'create_wave_config' in the TCL console."
#   }
# }
# run 1000ns
The value of a has changed to  10
The value of b is   1
The value of a has changed to  20
The value of b is   2
The value of a has changed to  30
The value of a has changed to  40
The value of b is   4
The value of a has changed to  50
$stop called at time : 50 ns : File "C:/Verilog/03_08/display/display.srcs/sim_1/new/sim_display.v" Line 37
xsim: Time (s): cpu = 00:00:12 ; elapsed = 00:00:05 . Memory (MB): peak = 740.289 ; gain = 14.270
INFO: [USF-XSim-96] XSim completed. Design snapshot 'sim_display_behav' loaded.
INFO: [USF-XSim-97] XSim simulation ran for 1000ns
launch_simulation: Time (s): cpu = 00:00:17 ; elapsed = 00:00:16 . Memory (MB): peak = 740.289 ; gain = 14.270
close_sim
INFO: [Simtcl 6-16] Simulation closed
close_sim: Time (s): cpu = 00:00:02 ; elapsed = 00:00:08 . Memory (MB): peak = 755.711 ; gain = 14.020
exit
INFO: [Common 17-206] Exiting Vivado at Thu Nov 21 21:25:04 2019...
