#-----------------------------------------------------------
# Vivado v2019.1 (64-bit)
# SW Build 2552052 on Fri May 24 14:49:42 MDT 2019
# IP Build 2548770 on Fri May 24 18:01:18 MDT 2019
# Start of session at: Thu Nov 21 22:52:42 2019
# Process ID: 22480
# Current directory: C:/Verilog/05_06/sequential_ch
# Command line: vivado.exe -gui_launcher_event rodinguilauncherevent20356 C:\Verilog\05_06\sequential_ch\sequential_ch.xpr
# Log file: C:/Verilog/05_06/sequential_ch/vivado.log
# Journal file: C:/Verilog/05_06/sequential_ch\vivado.jou
#-----------------------------------------------------------
start_gui
open_project C:/Verilog/05_06/sequential_ch/sequential_ch.xpr
Scanning sources...
Finished scanning sources
INFO: [IP_Flow 19-234] Refreshing IP repositories
INFO: [IP_Flow 19-1704] No user IP repositories specified
INFO: [IP_Flow 19-2313] Loaded Vivado IP repository 'C:/Xilinx/Vivado/2019.1/data/ip'.
open_project: Time (s): cpu = 00:00:20 ; elapsed = 00:00:09 . Memory (MB): peak = 740.328 ; gain = 104.379
update_compile_order -fileset sources_1
open_hw
connect_hw_server
INFO: [Labtools 27-2285] Connecting to hw_server url TCP:localhost:3121
INFO: [Labtools 27-2222] Launching hw_server...
INFO: [Labtools 27-2221] Launch Output:

****** Xilinx hw_server v2019.1
  **** Build date : May 24 2019 at 15:13:31
    ** Copyright 1986-2019 Xilinx, Inc. All Rights Reserved.


connect_hw_server: Time (s): cpu = 00:00:02 ; elapsed = 00:00:05 . Memory (MB): peak = 759.328 ; gain = 16.445
open_hw_target
INFO: [Labtoolstcl 44-466] Opening hw_target localhost:3121/xilinx_tcf/Digilent/210183A8A3C3A
open_hw_target: Time (s): cpu = 00:00:07 ; elapsed = 00:00:08 . Memory (MB): peak = 1862.043 ; gain = 1102.715
set_property PROGRAM.FILE {C:/Verilog/05_06/sequential_ch/sequential_ch.runs/impl_1/board_clock_divider.bit} [get_hw_devices xc7a35t_0]
current_hw_device [get_hw_devices xc7a35t_0]
refresh_hw_device -update_hw_probes false [lindex [get_hw_devices xc7a35t_0] 0]
INFO: [Labtools 27-1434] Device xc7a35t (JTAG device index = 0) is programmed with a design that has no supported debug core(s) in it.
exit
INFO: [Common 17-206] Exiting Vivado at Thu Nov 21 22:54:41 2019...
