#-----------------------------------------------------------
# Vivado v2019.1 (64-bit)
# SW Build 2552052 on Fri May 24 14:49:42 MDT 2019
# IP Build 2548770 on Fri May 24 18:01:18 MDT 2019
# Start of session at: Thu Nov  7 21:15:18 2019
# Process ID: 9808
# Current directory: C:/Verilog/02_13/assignments
# Command line: vivado.exe -gui_launcher_event rodinguilauncherevent14564 C:\Verilog\02_13\assignments\assignments.xpr
# Log file: C:/Verilog/02_13/assignments/vivado.log
# Journal file: C:/Verilog/02_13/assignments\vivado.jou
#-----------------------------------------------------------
start_gui
open_project C:/Verilog/02_13/assignments/assignments.xpr
INFO: [Project 1-313] Project file moved from 'C:/Verilog/05_03/assignments' since last save.
Scanning sources...
Finished scanning sources
INFO: [IP_Flow 19-234] Refreshing IP repositories
INFO: [IP_Flow 19-1704] No user IP repositories specified
INFO: [IP_Flow 19-2313] Loaded Vivado IP repository 'C:/Xilinx/Vivado/2019.1/data/ip'.
open_project: Time (s): cpu = 00:00:20 ; elapsed = 00:00:09 . Memory (MB): peak = 677.188 ; gain = 43.996
update_compile_order -fileset sources_1
exit
INFO: [Common 17-206] Exiting Vivado at Thu Nov  7 22:10:52 2019...
