#-----------------------------------------------------------
# Vivado v2019.1 (64-bit)
# SW Build 2552052 on Fri May 24 14:49:42 MDT 2019
# IP Build 2548770 on Fri May 24 18:01:18 MDT 2019
# Start of session at: Tue Nov  5 19:29:12 2019
# Process ID: 28544
# Current directory: C:/Verilog/04_03/combinational_ch
# Command line: vivado.exe -gui_launcher_event rodinguilauncherevent27740 C:\Verilog\04_03\combinational_ch\combinational_ch.xpr
# Log file: C:/Verilog/04_03/combinational_ch/vivado.log
# Journal file: C:/Verilog/04_03/combinational_ch\vivado.jou
#-----------------------------------------------------------
start_gui
open_project C:/Verilog/04_03/combinational_ch/combinational_ch.xpr
INFO: [Project 1-313] Project file moved from 'C:/Verilog/04_02/combinational_ch' since last save.
Scanning sources...
Finished scanning sources
INFO: [IP_Flow 19-234] Refreshing IP repositories
INFO: [IP_Flow 19-1704] No user IP repositories specified
INFO: [IP_Flow 19-2313] Loaded Vivado IP repository 'C:/Xilinx/Vivado/2019.1/data/ip'.
open_project: Time (s): cpu = 00:00:23 ; elapsed = 00:00:11 . Memory (MB): peak = 865.789 ; gain = 24.879
update_compile_order -fileset sources_1
exit
INFO: [Common 17-206] Exiting Vivado at Tue Nov  5 19:34:36 2019...
