#-----------------------------------------------------------
# Vivado v2019.1 (64-bit)
# SW Build 2552052 on Fri May 24 14:49:42 MDT 2019
# IP Build 2548770 on Fri May 24 18:01:18 MDT 2019
# Start of session at: Sat Nov  9 19:44:21 2019
# Process ID: 10808
# Current directory: C:/Verilog/02_15/verilog_ch
# Command line: vivado.exe -gui_launcher_event rodinguilauncherevent12444 C:\Verilog\02_15\verilog_ch\verilog_ch.xpr
# Log file: C:/Verilog/02_15/verilog_ch/vivado.log
# Journal file: C:/Verilog/02_15/verilog_ch\vivado.jou
#-----------------------------------------------------------
start_gui
open_project C:/Verilog/02_15/verilog_ch/verilog_ch.xpr
Scanning sources...
Finished scanning sources
WARNING: [filemgmt 56-3] IP Repository Path: Could not find the directory 'V:/vivado/Arm_ipi_repository'.
INFO: [IP_Flow 19-234] Refreshing IP repositories
WARNING: [IP_Flow 19-2248] Failed to load user IP repository 'v:/vivado/Arm_ipi_repository'; Can't find the specified path.
If this directory should no longer be in your list of user repositories, go to the IP Settings dialog and remove it.
INFO: [IP_Flow 19-2313] Loaded Vivado IP repository 'C:/Xilinx/Vivado/2019.1/data/ip'.
open_project: Time (s): cpu = 00:00:14 ; elapsed = 00:00:05 . Memory (MB): peak = 721.363 ; gain = 71.352
update_compile_order -fileset sources_1
update_compile_order -fileset sources_1
launch_simulation
INFO: [Vivado 12-5682] Launching behavioral simulation in 'C:/Verilog/02_15/verilog_ch/verilog_ch.sim/sim_1/behav/xsim'
INFO: [SIM-utils-51] Simulation object is 'sim_1'
INFO: [SIM-utils-54] Inspecting design source files for 'is_prime_TB' in fileset 'sim_1'...
INFO: [USF-XSim-97] Finding global include files...
INFO: [USF-XSim-98] Fetching design files from 'sim_1'...
INFO: [USF-XSim-2] XSim::Compile design
INFO: [USF-XSim-61] Executing 'COMPILE and ANALYZE' step in 'C:/Verilog/02_15/verilog_ch/verilog_ch.sim/sim_1/behav/xsim'
"xvlog --incr --relax -prj is_prime_TB_vlog.prj"
INFO: [VRFC 10-2263] Analyzing Verilog file "C:/Verilog/02_15/verilog_ch/verilog_ch.srcs/sources_1/new/is_prime_gates.v" into library xil_defaultlib
INFO: [VRFC 10-311] analyzing module is_prime_gates
INFO: [USF-XSim-69] 'compile' step finished in '1' seconds
INFO: [USF-XSim-3] XSim::Elaborate design
INFO: [USF-XSim-61] Executing 'ELABORATE' step in 'C:/Verilog/02_15/verilog_ch/verilog_ch.sim/sim_1/behav/xsim'
"xelab -wto 9d93fa2767cf4c36aa0a7f03e54bc125 --incr --debug typical --relax --mt 2 -L xil_defaultlib -L unisims_ver -L unimacro_ver -L secureip --snapshot is_prime_TB_behav xil_defaultlib.is_prime_TB xil_defaultlib.glbl -log elaborate.log"
Vivado Simulator 2019.1
Copyright 1986-1999, 2001-2019 Xilinx, Inc. All Rights Reserved.
Running: C:/Xilinx/Vivado/2019.1/bin/unwrapped/win64.o/xelab.exe -wto 9d93fa2767cf4c36aa0a7f03e54bc125 --incr --debug typical --relax --mt 2 -L xil_defaultlib -L unisims_ver -L unimacro_ver -L secureip --snapshot is_prime_TB_behav xil_defaultlib.is_prime_TB xil_defaultlib.glbl -log elaborate.log 
Using 2 slave threads.
Starting static elaboration
Completed static elaboration
Starting simulation data flow analysis
Completed simulation data flow analysis
Time Resolution for simulation is 1ps
Compiling module xil_defaultlib.is_prime_gates
Compiling module xil_defaultlib.is_prime_TB
Compiling module xil_defaultlib.glbl
Built simulation snapshot is_prime_TB_behav

****** Webtalk v2019.1 (64-bit)
  **** SW Build 2552052 on Fri May 24 14:49:42 MDT 2019
  **** IP Build 2548770 on Fri May 24 18:01:18 MDT 2019
    ** Copyright 1986-2019 Xilinx, Inc. All Rights Reserved.

source C:/Verilog/02_15/verilog_ch/verilog_ch.sim/sim_1/behav/xsim/xsim.dir/is_prime_TB_behav/webtalk/xsim_webtalk.tcl -notrace
INFO: [Common 17-186] 'C:/Verilog/02_15/verilog_ch/verilog_ch.sim/sim_1/behav/xsim/xsim.dir/is_prime_TB_behav/webtalk/usage_statistics_ext_xsim.xml' has been successfully sent to Xilinx on Sat Nov  9 19:46:21 2019. For additional details about this file, please refer to the WebTalk help file at C:/Xilinx/Vivado/2019.1/doc/webtalk_introduction.html.
INFO: [Common 17-206] Exiting Webtalk at Sat Nov  9 19:46:21 2019...
run_program: Time (s): cpu = 00:00:01 ; elapsed = 00:00:08 . Memory (MB): peak = 906.883 ; gain = 0.000
INFO: [USF-XSim-69] 'elaborate' step finished in '8' seconds
INFO: [USF-XSim-4] XSim::Simulate design
INFO: [USF-XSim-61] Executing 'SIMULATE' step in 'C:/Verilog/02_15/verilog_ch/verilog_ch.sim/sim_1/behav/xsim'
INFO: [USF-XSim-98] *** Running xsim
   with args "is_prime_TB_behav -key {Behavioral:sim_1:Functional:is_prime_TB} -tclbatch {is_prime_TB.tcl} -log {simulate.log}"
INFO: [USF-XSim-8] Loading simulator feature
Vivado Simulator 2019.1
Time resolution is 1 ps
source is_prime_TB.tcl
# set curr_wave [current_wave_config]
# if { [string length $curr_wave] == 0 } {
#   if { [llength [get_objects]] > 0} {
#     add_wave /
#     set_property needs_save false [current_wave_config]
#   } else {
#      send_msg_id Add_Wave-1 WARNING "No top level signals found. Simulator will start without a wave window. If you want to open a wave window go to 'File->New Waveform Configuration' or type 'create_wave_config' in the TCL console."
#   }
# }
# run 1000ns


Nice job, you aced the Challenge! Pat yourself on the back!


$stop called at time : 80 ns : File "C:/Verilog/02_15/verilog_ch/verilog_ch.srcs/sim_1/new/is_prime_TB.v" Line 51
xsim: Time (s): cpu = 00:00:11 ; elapsed = 00:00:06 . Memory (MB): peak = 931.281 ; gain = 4.664
INFO: [USF-XSim-96] XSim completed. Design snapshot 'is_prime_TB_behav' loaded.
INFO: [USF-XSim-97] XSim simulation ran for 1000ns
launch_simulation: Time (s): cpu = 00:00:13 ; elapsed = 00:00:16 . Memory (MB): peak = 931.281 ; gain = 24.488
update_compile_order -fileset sources_1
close_sim
INFO: [Simtcl 6-16] Simulation closed
close_sim: Time (s): cpu = 00:00:04 ; elapsed = 00:00:06 . Memory (MB): peak = 931.281 ; gain = 0.000
launch_simulation
INFO: [Vivado 12-5682] Launching behavioral simulation in 'C:/Verilog/02_15/verilog_ch/verilog_ch.sim/sim_1/behav/xsim'
INFO: [SIM-utils-51] Simulation object is 'sim_1'
INFO: [SIM-utils-54] Inspecting design source files for 'is_prime_TB' in fileset 'sim_1'...
INFO: [USF-XSim-97] Finding global include files...
INFO: [USF-XSim-98] Fetching design files from 'sim_1'...
INFO: [USF-XSim-2] XSim::Compile design
INFO: [USF-XSim-61] Executing 'COMPILE and ANALYZE' step in 'C:/Verilog/02_15/verilog_ch/verilog_ch.sim/sim_1/behav/xsim'
"xvlog --incr --relax -prj is_prime_TB_vlog.prj"
INFO: [VRFC 10-2263] Analyzing Verilog file "C:/Verilog/02_15/verilog_ch/verilog_ch.srcs/sources_1/new/is_prime_boolean.v" into library xil_defaultlib
INFO: [VRFC 10-311] analyzing module is_prime_boolean
INFO: [VRFC 10-2263] Analyzing Verilog file "C:/Verilog/02_15/verilog_ch/verilog_ch.srcs/sim_1/new/is_prime_TB.v" into library xil_defaultlib
INFO: [VRFC 10-311] analyzing module is_prime_TB
INFO: [USF-XSim-69] 'compile' step finished in '1' seconds
INFO: [USF-XSim-3] XSim::Elaborate design
INFO: [USF-XSim-61] Executing 'ELABORATE' step in 'C:/Verilog/02_15/verilog_ch/verilog_ch.sim/sim_1/behav/xsim'
"xelab -wto 9d93fa2767cf4c36aa0a7f03e54bc125 --incr --debug typical --relax --mt 2 -L xil_defaultlib -L unisims_ver -L unimacro_ver -L secureip --snapshot is_prime_TB_behav xil_defaultlib.is_prime_TB xil_defaultlib.glbl -log elaborate.log"
Vivado Simulator 2019.1
Copyright 1986-1999, 2001-2019 Xilinx, Inc. All Rights Reserved.
Running: C:/Xilinx/Vivado/2019.1/bin/unwrapped/win64.o/xelab.exe -wto 9d93fa2767cf4c36aa0a7f03e54bc125 --incr --debug typical --relax --mt 2 -L xil_defaultlib -L unisims_ver -L unimacro_ver -L secureip --snapshot is_prime_TB_behav xil_defaultlib.is_prime_TB xil_defaultlib.glbl -log elaborate.log 
Using 2 slave threads.
Starting static elaboration
Completed static elaboration
Starting simulation data flow analysis
Completed simulation data flow analysis
Time Resolution for simulation is 1ps
Compiling module xil_defaultlib.is_prime_boolean
Compiling module xil_defaultlib.is_prime_TB
Compiling module xil_defaultlib.glbl
Built simulation snapshot is_prime_TB_behav
INFO: [USF-XSim-69] 'elaborate' step finished in '2' seconds
INFO: [USF-XSim-4] XSim::Simulate design
INFO: [USF-XSim-61] Executing 'SIMULATE' step in 'C:/Verilog/02_15/verilog_ch/verilog_ch.sim/sim_1/behav/xsim'
INFO: [USF-XSim-98] *** Running xsim
   with args "is_prime_TB_behav -key {Behavioral:sim_1:Functional:is_prime_TB} -tclbatch {is_prime_TB.tcl} -log {simulate.log}"
INFO: [USF-XSim-8] Loading simulator feature
Vivado Simulator 2019.1
Time resolution is 1 ps
source is_prime_TB.tcl
# set curr_wave [current_wave_config]
# if { [string length $curr_wave] == 0 } {
#   if { [llength [get_objects]] > 0} {
#     add_wave /
#     set_property needs_save false [current_wave_config]
#   } else {
#      send_msg_id Add_Wave-1 WARNING "No top level signals found. Simulator will start without a wave window. If you want to open a wave window go to 'File->New Waveform Configuration' or type 'create_wave_config' in the TCL console."
#   }
# }
# run 1000ns


Nice job, you aced the Challenge! Pat yourself on the back!


$stop called at time : 80 ns : File "C:/Verilog/02_15/verilog_ch/verilog_ch.srcs/sim_1/new/is_prime_TB.v" Line 51
INFO: [USF-XSim-96] XSim completed. Design snapshot 'is_prime_TB_behav' loaded.
INFO: [USF-XSim-97] XSim simulation ran for 1000ns
launch_simulation: Time (s): cpu = 00:00:06 ; elapsed = 00:00:06 . Memory (MB): peak = 931.281 ; gain = 0.000
save_wave_config {C:/Verilog/02_15/verilog_ch/is_prime_TB_behav.wcfg}
add_files -fileset sim_1 -norecurse C:/Verilog/02_15/verilog_ch/is_prime_TB_behav.wcfg
set_property xsim.view C:/Verilog/02_15/verilog_ch/is_prime_TB_behav.wcfg [get_filesets sim_1]
close_sim
INFO: [Simtcl 6-16] Simulation closed
launch_simulation
INFO: [Vivado 12-5682] Launching behavioral simulation in 'C:/Verilog/02_15/verilog_ch/verilog_ch.sim/sim_1/behav/xsim'
INFO: [SIM-utils-51] Simulation object is 'sim_1'
INFO: [SIM-utils-54] Inspecting design source files for 'is_prime_TB' in fileset 'sim_1'...
INFO: [USF-XSim-97] Finding global include files...
INFO: [USF-XSim-98] Fetching design files from 'sim_1'...
INFO: [USF-XSim-2] XSim::Compile design
INFO: [USF-XSim-61] Executing 'COMPILE and ANALYZE' step in 'C:/Verilog/02_15/verilog_ch/verilog_ch.sim/sim_1/behav/xsim'
"xvlog --incr --relax -prj is_prime_TB_vlog.prj"
INFO: [VRFC 10-2263] Analyzing Verilog file "C:/Verilog/02_15/verilog_ch/verilog_ch.srcs/sources_1/new/is_prime_procedural.v" into library xil_defaultlib
INFO: [VRFC 10-311] analyzing module is_prime_procedural
INFO: [VRFC 10-2263] Analyzing Verilog file "C:/Verilog/02_15/verilog_ch/verilog_ch.srcs/sim_1/new/is_prime_TB.v" into library xil_defaultlib
INFO: [VRFC 10-311] analyzing module is_prime_TB
INFO: [USF-XSim-69] 'compile' step finished in '1' seconds
INFO: [USF-XSim-3] XSim::Elaborate design
INFO: [USF-XSim-61] Executing 'ELABORATE' step in 'C:/Verilog/02_15/verilog_ch/verilog_ch.sim/sim_1/behav/xsim'
"xelab -wto 9d93fa2767cf4c36aa0a7f03e54bc125 --incr --debug typical --relax --mt 2 -L xil_defaultlib -L unisims_ver -L unimacro_ver -L secureip --snapshot is_prime_TB_behav xil_defaultlib.is_prime_TB xil_defaultlib.glbl -log elaborate.log"
Vivado Simulator 2019.1
Copyright 1986-1999, 2001-2019 Xilinx, Inc. All Rights Reserved.
Running: C:/Xilinx/Vivado/2019.1/bin/unwrapped/win64.o/xelab.exe -wto 9d93fa2767cf4c36aa0a7f03e54bc125 --incr --debug typical --relax --mt 2 -L xil_defaultlib -L unisims_ver -L unimacro_ver -L secureip --snapshot is_prime_TB_behav xil_defaultlib.is_prime_TB xil_defaultlib.glbl -log elaborate.log 
Using 2 slave threads.
Starting static elaboration
Completed static elaboration
Starting simulation data flow analysis
Completed simulation data flow analysis
Time Resolution for simulation is 1ps
Compiling module xil_defaultlib.is_prime_procedural
Compiling module xil_defaultlib.is_prime_TB
Compiling module xil_defaultlib.glbl
Built simulation snapshot is_prime_TB_behav
INFO: [USF-XSim-69] 'elaborate' step finished in '2' seconds
INFO: [USF-XSim-4] XSim::Simulate design
INFO: [USF-XSim-61] Executing 'SIMULATE' step in 'C:/Verilog/02_15/verilog_ch/verilog_ch.sim/sim_1/behav/xsim'
INFO: [USF-XSim-98] *** Running xsim
   with args "is_prime_TB_behav -key {Behavioral:sim_1:Functional:is_prime_TB} -tclbatch {is_prime_TB.tcl} -view {C:/Verilog/02_15/verilog_ch/is_prime_TB_behav.wcfg} -log {simulate.log}"
INFO: [USF-XSim-8] Loading simulator feature
Vivado Simulator 2019.1
Time resolution is 1 ps
open_wave_config C:/Verilog/02_15/verilog_ch/is_prime_TB_behav.wcfg
source is_prime_TB.tcl
# set curr_wave [current_wave_config]
# if { [string length $curr_wave] == 0 } {
#   if { [llength [get_objects]] > 0} {
#     add_wave /
#     set_property needs_save false [current_wave_config]
#   } else {
#      send_msg_id Add_Wave-1 WARNING "No top level signals found. Simulator will start without a wave window. If you want to open a wave window go to 'File->New Waveform Configuration' or type 'create_wave_config' in the TCL console."
#   }
# }
# run 1000ns


Nice job, you aced the Challenge! Pat yourself on the back!


$stop called at time : 80 ns : File "C:/Verilog/02_15/verilog_ch/verilog_ch.srcs/sim_1/new/is_prime_TB.v" Line 51
INFO: [USF-XSim-96] XSim completed. Design snapshot 'is_prime_TB_behav' loaded.
INFO: [USF-XSim-97] XSim simulation ran for 1000ns
launch_simulation: Time (s): cpu = 00:00:04 ; elapsed = 00:00:06 . Memory (MB): peak = 931.281 ; gain = 0.000
close_sim
INFO: [Simtcl 6-16] Simulation closed
launch_simulation
INFO: [Vivado 12-5682] Launching behavioral simulation in 'C:/Verilog/02_15/verilog_ch/verilog_ch.sim/sim_1/behav/xsim'
INFO: [SIM-utils-51] Simulation object is 'sim_1'
INFO: [SIM-utils-54] Inspecting design source files for 'is_prime_TB' in fileset 'sim_1'...
INFO: [USF-XSim-97] Finding global include files...
INFO: [USF-XSim-98] Fetching design files from 'sim_1'...
INFO: [USF-XSim-2] XSim::Compile design
INFO: [USF-XSim-61] Executing 'COMPILE and ANALYZE' step in 'C:/Verilog/02_15/verilog_ch/verilog_ch.sim/sim_1/behav/xsim'
"xvlog --incr --relax -prj is_prime_TB_vlog.prj"
INFO: [VRFC 10-2263] Analyzing Verilog file "C:/Verilog/02_15/verilog_ch/verilog_ch.srcs/sources_1/new/is_prime_gates.v" into library xil_defaultlib
INFO: [VRFC 10-311] analyzing module is_prime_gates
INFO: [VRFC 10-2263] Analyzing Verilog file "C:/Verilog/02_15/verilog_ch/verilog_ch.srcs/sim_1/new/is_prime_TB.v" into library xil_defaultlib
INFO: [VRFC 10-311] analyzing module is_prime_TB
INFO: [USF-XSim-69] 'compile' step finished in '2' seconds
INFO: [USF-XSim-3] XSim::Elaborate design
INFO: [USF-XSim-61] Executing 'ELABORATE' step in 'C:/Verilog/02_15/verilog_ch/verilog_ch.sim/sim_1/behav/xsim'
"xelab -wto 9d93fa2767cf4c36aa0a7f03e54bc125 --incr --debug typical --relax --mt 2 -L xil_defaultlib -L unisims_ver -L unimacro_ver -L secureip --snapshot is_prime_TB_behav xil_defaultlib.is_prime_TB xil_defaultlib.glbl -log elaborate.log"
Vivado Simulator 2019.1
Copyright 1986-1999, 2001-2019 Xilinx, Inc. All Rights Reserved.
Running: C:/Xilinx/Vivado/2019.1/bin/unwrapped/win64.o/xelab.exe -wto 9d93fa2767cf4c36aa0a7f03e54bc125 --incr --debug typical --relax --mt 2 -L xil_defaultlib -L unisims_ver -L unimacro_ver -L secureip --snapshot is_prime_TB_behav xil_defaultlib.is_prime_TB xil_defaultlib.glbl -log elaborate.log 
Using 2 slave threads.
Starting static elaboration
Completed static elaboration
Starting simulation data flow analysis
Completed simulation data flow analysis
Time Resolution for simulation is 1ps
Compiling module xil_defaultlib.is_prime_gates
Compiling module xil_defaultlib.is_prime_TB
Compiling module xil_defaultlib.glbl
Built simulation snapshot is_prime_TB_behav
INFO: [USF-XSim-69] 'elaborate' step finished in '1' seconds
INFO: [USF-XSim-4] XSim::Simulate design
INFO: [USF-XSim-61] Executing 'SIMULATE' step in 'C:/Verilog/02_15/verilog_ch/verilog_ch.sim/sim_1/behav/xsim'
INFO: [USF-XSim-98] *** Running xsim
   with args "is_prime_TB_behav -key {Behavioral:sim_1:Functional:is_prime_TB} -tclbatch {is_prime_TB.tcl} -view {C:/Verilog/02_15/verilog_ch/is_prime_TB_behav.wcfg} -log {simulate.log}"
INFO: [USF-XSim-8] Loading simulator feature
Vivado Simulator 2019.1
Time resolution is 1 ps
open_wave_config C:/Verilog/02_15/verilog_ch/is_prime_TB_behav.wcfg
source is_prime_TB.tcl
# set curr_wave [current_wave_config]
# if { [string length $curr_wave] == 0 } {
#   if { [llength [get_objects]] > 0} {
#     add_wave /
#     set_property needs_save false [current_wave_config]
#   } else {
#      send_msg_id Add_Wave-1 WARNING "No top level signals found. Simulator will start without a wave window. If you want to open a wave window go to 'File->New Waveform Configuration' or type 'create_wave_config' in the TCL console."
#   }
# }
# run 1000ns


Nice job, you aced the Challenge! Pat yourself on the back!


$stop called at time : 80 ns : File "C:/Verilog/02_15/verilog_ch/verilog_ch.srcs/sim_1/new/is_prime_TB.v" Line 51
INFO: [USF-XSim-96] XSim completed. Design snapshot 'is_prime_TB_behav' loaded.
INFO: [USF-XSim-97] XSim simulation ran for 1000ns
launch_simulation: Time (s): cpu = 00:00:03 ; elapsed = 00:00:06 . Memory (MB): peak = 931.281 ; gain = 0.000
close_sim
INFO: [Simtcl 6-16] Simulation closed
exit
INFO: [Common 17-206] Exiting Vivado at Sat Nov  9 19:52:55 2019...
