#-----------------------------------------------------------
# Vivado v2019.1 (64-bit)
# SW Build 2552052 on Fri May 24 14:49:42 MDT 2019
# IP Build 2548770 on Fri May 24 18:01:18 MDT 2019
# Start of session at: Thu Nov 21 20:04:57 2019
# Process ID: 20104
# Current directory: C:/Verilog/03_06/simple_sims
# Command line: vivado.exe -gui_launcher_event rodinguilauncherevent22236 C:\Verilog\03_06\simple_sims\simple_sims.xpr
# Log file: C:/Verilog/03_06/simple_sims/vivado.log
# Journal file: C:/Verilog/03_06/simple_sims\vivado.jou
#-----------------------------------------------------------
start_gui
open_project C:/Verilog/03_06/simple_sims/simple_sims.xpr
INFO: [Project 1-313] Project file moved from 'C:/Verilog/03_05/simple_sims' since last save.
Scanning sources...
Finished scanning sources
INFO: [IP_Flow 19-234] Refreshing IP repositories
INFO: [IP_Flow 19-1704] No user IP repositories specified
INFO: [IP_Flow 19-2313] Loaded Vivado IP repository 'C:/Xilinx/Vivado/2019.1/data/ip'.
open_project: Time (s): cpu = 00:00:19 ; elapsed = 00:00:09 . Memory (MB): peak = 672.602 ; gain = 46.941
update_compile_order -fileset sources_1
launch_simulation
INFO: [Vivado 12-5682] Launching behavioral simulation in 'C:/Verilog/03_06/simple_sims/simple_sims.sim/sim_1/behav/xsim'
INFO: [SIM-utils-51] Simulation object is 'sim_1'
INFO: [SIM-utils-54] Inspecting design source files for 'mux_demux_TB' in fileset 'sim_1'...
INFO: [USF-XSim-97] Finding global include files...
INFO: [USF-XSim-98] Fetching design files from 'sim_1'...
INFO: [USF-XSim-2] XSim::Compile design
INFO: [USF-XSim-61] Executing 'COMPILE and ANALYZE' step in 'C:/Verilog/03_06/simple_sims/simple_sims.sim/sim_1/behav/xsim'
"xvlog --incr --relax -prj mux_demux_TB_vlog.prj"
INFO: [VRFC 10-2263] Analyzing Verilog file "C:/Verilog/03_06/simple_sims/simple_sims.srcs/sources_1/new/demux_1_to_4.v" into library xil_defaultlib
INFO: [VRFC 10-311] analyzing module demux_1_to_4
INFO: [VRFC 10-2263] Analyzing Verilog file "C:/Verilog/03_06/simple_sims/simple_sims.srcs/sources_1/new/mux_2_to_1.v" into library xil_defaultlib
INFO: [VRFC 10-311] analyzing module mux_2_to_1
INFO: [VRFC 10-2263] Analyzing Verilog file "C:/Verilog/03_06/simple_sims/simple_sims.srcs/sim_1/new/mux_demux_TB.v" into library xil_defaultlib
INFO: [VRFC 10-311] analyzing module mux_demux_TB
INFO: [VRFC 10-2263] Analyzing Verilog file "C:/Verilog/03_06/simple_sims/simple_sims.sim/sim_1/behav/xsim/glbl.v" into library xil_defaultlib
INFO: [VRFC 10-311] analyzing module glbl
INFO: [USF-XSim-69] 'compile' step finished in '2' seconds
INFO: [USF-XSim-3] XSim::Elaborate design
INFO: [USF-XSim-61] Executing 'ELABORATE' step in 'C:/Verilog/03_06/simple_sims/simple_sims.sim/sim_1/behav/xsim'
"xelab -wto 8e9bddc73f64465d834be763948270e4 --incr --debug typical --relax --mt 2 -L xil_defaultlib -L unisims_ver -L unimacro_ver -L secureip --snapshot mux_demux_TB_behav xil_defaultlib.mux_demux_TB xil_defaultlib.glbl -log elaborate.log"
Vivado Simulator 2019.1
Copyright 1986-1999, 2001-2019 Xilinx, Inc. All Rights Reserved.
Running: C:/Xilinx/Vivado/2019.1/bin/unwrapped/win64.o/xelab.exe -wto 8e9bddc73f64465d834be763948270e4 --incr --debug typical --relax --mt 2 -L xil_defaultlib -L unisims_ver -L unimacro_ver -L secureip --snapshot mux_demux_TB_behav xil_defaultlib.mux_demux_TB xil_defaultlib.glbl -log elaborate.log 
Using 2 slave threads.
Starting static elaboration
Completed static elaboration
Starting simulation data flow analysis
Completed simulation data flow analysis
Time Resolution for simulation is 1ps
Compiling module xil_defaultlib.mux_2_to_1
Compiling module xil_defaultlib.demux_1_to_4
Compiling module xil_defaultlib.mux_demux_TB
Compiling module xil_defaultlib.glbl
Built simulation snapshot mux_demux_TB_behav

****** Webtalk v2019.1 (64-bit)
  **** SW Build 2552052 on Fri May 24 14:49:42 MDT 2019
  **** IP Build 2548770 on Fri May 24 18:01:18 MDT 2019
    ** Copyright 1986-2019 Xilinx, Inc. All Rights Reserved.

source C:/Verilog/03_06/simple_sims/simple_sims.sim/sim_1/behav/xsim/xsim.dir/mux_demux_TB_behav/webtalk/xsim_webtalk.tcl -notrace
webtalk_transmit: Time (s): cpu = 00:00:00 ; elapsed = 00:00:06 . Memory (MB): peak = 91.477 ; gain = 0.000
INFO: [Common 17-206] Exiting Webtalk at Thu Nov 21 20:13:24 2019...
run_program: Time (s): cpu = 00:00:04 ; elapsed = 00:00:11 . Memory (MB): peak = 713.355 ; gain = 0.000
INFO: [USF-XSim-69] 'elaborate' step finished in '10' seconds
INFO: [USF-XSim-4] XSim::Simulate design
INFO: [USF-XSim-61] Executing 'SIMULATE' step in 'C:/Verilog/03_06/simple_sims/simple_sims.sim/sim_1/behav/xsim'
INFO: [USF-XSim-98] *** Running xsim
   with args "mux_demux_TB_behav -key {Behavioral:sim_1:Functional:mux_demux_TB} -tclbatch {mux_demux_TB.tcl} -view {C:/Verilog/03_06/simple_sims/mux_demux_TB_behav.wcfg} -log {simulate.log}"
INFO: [USF-XSim-8] Loading simulator feature
Vivado Simulator 2019.1
Time resolution is 1 ps
open_wave_config C:/Verilog/03_06/simple_sims/mux_demux_TB_behav.wcfg
source mux_demux_TB.tcl
# set curr_wave [current_wave_config]
# if { [string length $curr_wave] == 0 } {
#   if { [llength [get_objects]] > 0} {
#     add_wave /
#     set_property needs_save false [current_wave_config]
#   } else {
#      send_msg_id Add_Wave-1 WARNING "No top level signals found. Simulator will start without a wave window. If you want to open a wave window go to 'File->New Waveform Configuration' or type 'create_wave_config' in the TCL console."
#   }
# }
# run 50000ns
$stop called at time : 40 us : File "C:/Verilog/03_06/simple_sims/simple_sims.srcs/sim_1/new/mux_demux_TB.v" Line 50
xsim: Time (s): cpu = 00:00:12 ; elapsed = 00:00:06 . Memory (MB): peak = 756.016 ; gain = 32.438
INFO: [USF-XSim-96] XSim completed. Design snapshot 'mux_demux_TB_behav' loaded.
INFO: [USF-XSim-97] XSim simulation ran for 50000ns
launch_simulation: Time (s): cpu = 00:00:18 ; elapsed = 00:00:20 . Memory (MB): peak = 756.016 ; gain = 42.660
close_sim
INFO: [Simtcl 6-16] Simulation closed
close_sim: Time (s): cpu = 00:00:02 ; elapsed = 00:00:08 . Memory (MB): peak = 756.016 ; gain = 0.000
exit
INFO: [Common 17-206] Exiting Vivado at Thu Nov 21 20:35:43 2019...
