#-----------------------------------------------------------
# Vivado v2019.1 (64-bit)
# SW Build 2552052 on Fri May 24 14:49:42 MDT 2019
# IP Build 2548770 on Fri May 24 18:01:18 MDT 2019
# Start of session at: Thu Nov 21 20:41:08 2019
# Process ID: 9464
# Current directory: C:/Verilog/03_09/simulation_ch
# Command line: vivado.exe -gui_launcher_event rodinguilauncherevent14020 C:\Verilog\03_09\simulation_ch\simulation_ch.xpr
# Log file: C:/Verilog/03_09/simulation_ch/vivado.log
# Journal file: C:/Verilog/03_09/simulation_ch\vivado.jou
#-----------------------------------------------------------
start_gui
open_project C:/Verilog/03_09/simulation_ch/simulation_ch.xpr
Scanning sources...
Finished scanning sources
WARNING: [filemgmt 56-3] IP Repository Path: Could not find the directory 'V:/vivado/Arm_ipi_repository'.
INFO: [IP_Flow 19-234] Refreshing IP repositories
WARNING: [IP_Flow 19-2248] Failed to load user IP repository 'v:/vivado/Arm_ipi_repository'; Can't find the specified path.
If this directory should no longer be in your list of user repositories, go to the IP Settings dialog and remove it.
INFO: [IP_Flow 19-2313] Loaded Vivado IP repository 'C:/Xilinx/Vivado/2019.1/data/ip'.
open_project: Time (s): cpu = 00:00:16 ; elapsed = 00:00:07 . Memory (MB): peak = 633.441 ; gain = 38.516
update_compile_order -fileset sources_1
launch_simulation
INFO: [Vivado 12-5682] Launching behavioral simulation in 'C:/Verilog/03_09/simulation_ch/simulation_ch.sim/sim_1/behav/xsim'
INFO: [SIM-utils-51] Simulation object is 'sim_1'
INFO: [SIM-utils-54] Inspecting design source files for 'triple_TB' in fileset 'sim_1'...
INFO: [USF-XSim-97] Finding global include files...
INFO: [USF-XSim-98] Fetching design files from 'sim_1'...
INFO: [USF-XSim-2] XSim::Compile design
INFO: [USF-XSim-61] Executing 'COMPILE and ANALYZE' step in 'C:/Verilog/03_09/simulation_ch/simulation_ch.sim/sim_1/behav/xsim'
"xvlog --incr --relax -prj triple_TB_vlog.prj"
INFO: [VRFC 10-2263] Analyzing Verilog file "C:/Verilog/03_09/simulation_ch/simulation_ch.srcs/sim_1/new/triple_TB.v" into library xil_defaultlib
INFO: [VRFC 10-311] analyzing module triple_TB
INFO: [USF-XSim-69] 'compile' step finished in '2' seconds
INFO: [USF-XSim-3] XSim::Elaborate design
INFO: [USF-XSim-61] Executing 'ELABORATE' step in 'C:/Verilog/03_09/simulation_ch/simulation_ch.sim/sim_1/behav/xsim'
"xelab -wto 6b2ca7a9780e46d483741c7a093c3b68 --incr --debug typical --relax --mt 2 -L xil_defaultlib -L unisims_ver -L unimacro_ver -L secureip --snapshot triple_TB_behav xil_defaultlib.triple_TB xil_defaultlib.glbl -log elaborate.log"
Vivado Simulator 2019.1
Copyright 1986-1999, 2001-2019 Xilinx, Inc. All Rights Reserved.
Running: C:/Xilinx/Vivado/2019.1/bin/unwrapped/win64.o/xelab.exe -wto 6b2ca7a9780e46d483741c7a093c3b68 --incr --debug typical --relax --mt 2 -L xil_defaultlib -L unisims_ver -L unimacro_ver -L secureip --snapshot triple_TB_behav xil_defaultlib.triple_TB xil_defaultlib.glbl -log elaborate.log 
Using 2 slave threads.
Starting static elaboration
Completed static elaboration
Starting simulation data flow analysis
Completed simulation data flow analysis
Time Resolution for simulation is 1ps
Compiling module xil_defaultlib.triple_TB
Compiling module xil_defaultlib.glbl
Built simulation snapshot triple_TB_behav

****** Webtalk v2019.1 (64-bit)
  **** SW Build 2552052 on Fri May 24 14:49:42 MDT 2019
  **** IP Build 2548770 on Fri May 24 18:01:18 MDT 2019
    ** Copyright 1986-2019 Xilinx, Inc. All Rights Reserved.

source C:/Verilog/03_09/simulation_ch/simulation_ch.sim/sim_1/behav/xsim/xsim.dir/triple_TB_behav/webtalk/xsim_webtalk.tcl -notrace
INFO: [Common 17-186] 'C:/Verilog/03_09/simulation_ch/simulation_ch.sim/sim_1/behav/xsim/xsim.dir/triple_TB_behav/webtalk/usage_statistics_ext_xsim.xml' has been successfully sent to Xilinx on Thu Nov 21 20:44:53 2019. For additional details about this file, please refer to the WebTalk help file at C:/Xilinx/Vivado/2019.1/doc/webtalk_introduction.html.
INFO: [Common 17-206] Exiting Webtalk at Thu Nov 21 20:44:53 2019...
run_program: Time (s): cpu = 00:00:02 ; elapsed = 00:00:10 . Memory (MB): peak = 676.492 ; gain = 0.000
INFO: [USF-XSim-69] 'elaborate' step finished in '10' seconds
INFO: [USF-XSim-4] XSim::Simulate design
INFO: [USF-XSim-61] Executing 'SIMULATE' step in 'C:/Verilog/03_09/simulation_ch/simulation_ch.sim/sim_1/behav/xsim'
INFO: [USF-XSim-98] *** Running xsim
   with args "triple_TB_behav -key {Behavioral:sim_1:Functional:triple_TB} -tclbatch {triple_TB.tcl} -log {simulate.log}"
INFO: [USF-XSim-8] Loading simulator feature
Vivado Simulator 2019.1
Time resolution is 1 ps
source triple_TB.tcl
# set curr_wave [current_wave_config]
# if { [string length $curr_wave] == 0 } {
#   if { [llength [get_objects]] > 0} {
#     add_wave /
#     set_property needs_save false [current_wave_config]
#   } else {
#      send_msg_id Add_Wave-1 WARNING "No top level signals found. Simulator will start without a wave window. If you want to open a wave window go to 'File->New Waveform Configuration' or type 'create_wave_config' in the TCL console."
#   }
# }
WARNING: [Simtcl 6-168] No object found for the given pattern.
WARNING: [Add_Wave-1] No top level signals found. Simulator will start without a wave window. If you want to open a wave window go to 'File->New Waveform Configuration' or type 'create_wave_config' in the TCL console.
# run 1000ns
INFO: [USF-XSim-96] XSim completed. Design snapshot 'triple_TB_behav' loaded.
INFO: [USF-XSim-97] XSim simulation ran for 1000ns
launch_simulation: Time (s): cpu = 00:00:12 ; elapsed = 00:00:17 . Memory (MB): peak = 704.504 ; gain = 28.012
close_sim
INFO: [Simtcl 6-16] Simulation closed
close_sim: Time (s): cpu = 00:00:06 ; elapsed = 00:00:08 . Memory (MB): peak = 704.504 ; gain = 0.000
exit
INFO: [Common 17-206] Exiting Vivado at Thu Nov 21 20:46:33 2019...
