#-----------------------------------------------------------
# Vivado v2019.1 (64-bit)
# SW Build 2552052 on Fri May 24 14:49:42 MDT 2019
# IP Build 2548770 on Fri May 24 18:01:18 MDT 2019
# Start of session at: Sun Nov  3 19:17:04 2019
# Process ID: 24388
# Current directory: C:/Verilog/03_08/simulation_ch
# Command line: vivado.exe -gui_launcher_event rodinguilauncherevent22240 C:\Verilog\03_08\simulation_ch\simulation_ch.xpr
# Log file: C:/Verilog/03_08/simulation_ch/vivado.log
# Journal file: C:/Verilog/03_08/simulation_ch\vivado.jou
#-----------------------------------------------------------
start_gui
open_project C:/Verilog/03_08/simulation_ch/simulation_ch.xpr
INFO: [Project 1-313] Project file moved from 'C:/Verilog/03_09/simulation_ch' since last save.
Scanning sources...
Finished scanning sources
WARNING: [filemgmt 56-3] IP Repository Path: Could not find the directory 'V:/vivado/Arm_ipi_repository'.
INFO: [IP_Flow 19-234] Refreshing IP repositories
WARNING: [IP_Flow 19-2248] Failed to load user IP repository 'v:/vivado/Arm_ipi_repository'; Can't find the specified path.
If this directory should no longer be in your list of user repositories, go to the IP Settings dialog and remove it.
INFO: [IP_Flow 19-2313] Loaded Vivado IP repository 'C:/Xilinx/Vivado/2019.1/data/ip'.
open_project: Time (s): cpu = 00:00:16 ; elapsed = 00:00:06 . Memory (MB): peak = 702.883 ; gain = 67.051
update_compile_order -fileset sources_1
exit
INFO: [Common 17-206] Exiting Vivado at Sun Nov  3 19:18:37 2019...
