#-----------------------------------------------------------
# Vivado v2019.1 (64-bit)
# SW Build 2552052 on Fri May 24 14:49:42 MDT 2019
# IP Build 2548770 on Fri May 24 18:01:18 MDT 2019
# Start of session at: Tue Nov  5 19:37:22 2019
# Process ID: 3208
# Current directory: C:/Verilog/05_05/sequential_ch
# Command line: vivado.exe -gui_launcher_event rodinguilauncherevent11100 C:\Verilog\05_05\sequential_ch\sequential_ch.xpr
# Log file: C:/Verilog/05_05/sequential_ch/vivado.log
# Journal file: C:/Verilog/05_05/sequential_ch\vivado.jou
#-----------------------------------------------------------
start_gui
open_project C:/Verilog/05_05/sequential_ch/sequential_ch.xpr
INFO: [Project 1-313] Project file moved from 'C:/Verilog/05_06/sequential_ch' since last save.
Scanning sources...
Finished scanning sources
INFO: [IP_Flow 19-234] Refreshing IP repositories
INFO: [IP_Flow 19-1704] No user IP repositories specified
INFO: [IP_Flow 19-2313] Loaded Vivado IP repository 'C:/Xilinx/Vivado/2019.1/data/ip'.
open_project: Time (s): cpu = 00:00:21 ; elapsed = 00:00:12 . Memory (MB): peak = 681.211 ; gain = 86.930
update_compile_order -fileset sources_1
close_project
open_project C:/Verilog/04_03/combinational_ch/combinational_ch.xpr
INFO: [Project 1-313] Project file moved from 'C:/Verilog/04_02/combinational_ch' since last save.
Scanning sources...
Finished scanning sources
INFO: [IP_Flow 19-234] Refreshing IP repositories
INFO: [IP_Flow 19-1704] No user IP repositories specified
INFO: [IP_Flow 19-2313] Loaded Vivado IP repository 'C:/Xilinx/Vivado/2019.1/data/ip'.
update_compile_order -fileset sources_1
close_project
exit
INFO: [Common 17-206] Exiting Vivado at Tue Nov  5 20:02:52 2019...
