Copyright 1986-2019 Xilinx, Inc. All Rights Reserved.
------------------------------------------------------------------------------------------------------------------------------------------------------------
| Tool Version : Vivado v.2019.2 (win64) Build 2708876 Wed Nov  6 21:40:23 MST 2019
| Date         : Fri Jul 11 15:50:27 2025
| Host         : LAPTOP-BRS5LFOE running 64-bit major release  (build 9200)
| Command      : report_drc -file ripple_carry_adder_4bit_drc_opted.rpt -pb ripple_carry_adder_4bit_drc_opted.pb -rpx ripple_carry_adder_4bit_drc_opted.rpx
| Design       : ripple_carry_adder_4bit
| Device       : xc7a35tcpg236-1
| Speed File   : -1
| Design State : Synthesized
------------------------------------------------------------------------------------------------------------------------------------------------------------

Report DRC

Table of Contents
-----------------
1. REPORT SUMMARY
2. REPORT DETAILS

1. REPORT SUMMARY
-----------------
            Netlist: netlist
          Floorplan: design_1
      Design limits: <entire design considered>
           Ruledeck: default
             Max violations: <unlimited>
             Violations found: 0
+------+----------+-------------+------------+
| Rule | Severity | Description | Violations |
+------+----------+-------------+------------+
+------+----------+-------------+------------+

2. REPORT DETAILS
-----------------

