#-----------------------------------------------------------
# Vivado v2019.1 (64-bit)
# SW Build 2552052 on Fri May 24 14:49:42 MDT 2019
# IP Build 2548770 on Fri May 24 18:01:18 MDT 2019
# Start of session at: Mon Nov 18 19:39:32 2019
# Process ID: 5448
# Current directory: C:/Verilog/02_12/blocking
# Command line: vivado.exe -gui_launcher_event rodinguilauncherevent5868 C:\Verilog\02_12\blocking\blocking.xpr
# Log file: C:/Verilog/02_12/blocking/vivado.log
# Journal file: C:/Verilog/02_12/blocking\vivado.jou
#-----------------------------------------------------------
start_gui
open_project C:/Verilog/02_12/blocking/blocking.xpr
INFO: [Project 1-313] Project file moved from 'C:/Verilog/04_02/blocking' since last save.
Scanning sources...
Finished scanning sources
INFO: [IP_Flow 19-234] Refreshing IP repositories
INFO: [IP_Flow 19-1704] No user IP repositories specified
INFO: [IP_Flow 19-2313] Loaded Vivado IP repository 'C:/Xilinx/Vivado/2019.1/data/ip'.
open_project: Time (s): cpu = 00:00:21 ; elapsed = 00:00:10 . Memory (MB): peak = 869.895 ; gain = 25.895
update_compile_order -fileset sources_1
exit
INFO: [Common 17-206] Exiting Vivado at Mon Nov 18 21:06:04 2019...
