#-----------------------------------------------------------
# Vivado v2019.1 (64-bit)
# SW Build 2552052 on Fri May 24 14:49:42 MDT 2019
# IP Build 2548770 on Fri May 24 18:01:18 MDT 2019
# Start of session at: Sun Nov  3 19:47:42 2019
# Process ID: 5564
# Current directory: C:/Verilog/04_02/blocking
# Command line: vivado.exe -gui_launcher_event rodinguilauncherevent18152 C:\Verilog\04_02\blocking\blocking.xpr
# Log file: C:/Verilog/04_02/blocking/vivado.log
# Journal file: C:/Verilog/04_02/blocking\vivado.jou
#-----------------------------------------------------------
start_gui
open_project C:/Verilog/04_02/blocking/blocking.xpr
Scanning sources...
Finished scanning sources
INFO: [IP_Flow 19-234] Refreshing IP repositories
INFO: [IP_Flow 19-1704] No user IP repositories specified
INFO: [IP_Flow 19-2313] Loaded Vivado IP repository 'C:/Xilinx/Vivado/2019.1/data/ip'.
open_project: Time (s): cpu = 00:00:19 ; elapsed = 00:00:08 . Memory (MB): peak = 692.727 ; gain = 53.359
update_compile_order -fileset sources_1
exit
INFO: [Common 17-206] Exiting Vivado at Sun Nov  3 19:49:16 2019...
