#-----------------------------------------------------------
# Vivado v2019.1 (64-bit)
# SW Build 2552052 on Fri May 24 14:49:42 MDT 2019
# IP Build 2548770 on Fri May 24 18:01:18 MDT 2019
# Start of session at: Tue Nov 19 19:05:38 2019
# Process ID: 10584
# Current directory: C:/Verilog/02_02/instantiating
# Command line: vivado.exe -gui_launcher_event rodinguilauncherevent10108 C:\Verilog\02_02\instantiating\instantiating.xpr
# Log file: C:/Verilog/02_02/instantiating/vivado.log
# Journal file: C:/Verilog/02_02/instantiating\vivado.jou
#-----------------------------------------------------------
start_gui
open_project C:/Verilog/02_02/instantiating/instantiating.xpr
Scanning sources...
Finished scanning sources
WARNING: [filemgmt 56-3] IP Repository Path: Could not find the directory 'V:/vivado/Arm_ipi_repository'.
INFO: [IP_Flow 19-234] Refreshing IP repositories
WARNING: [IP_Flow 19-2248] Failed to load user IP repository 'v:/vivado/Arm_ipi_repository'; Can't find the specified path.
If this directory should no longer be in your list of user repositories, go to the IP Settings dialog and remove it.
INFO: [IP_Flow 19-2313] Loaded Vivado IP repository 'C:/Xilinx/Vivado/2019.1/data/ip'.
open_project: Time (s): cpu = 00:00:14 ; elapsed = 00:00:06 . Memory (MB): peak = 737.359 ; gain = 85.371
update_compile_order -fileset sources_1
exit
INFO: [Common 17-206] Exiting Vivado at Tue Nov 19 19:09:17 2019...
